<?xml version="1.0" encoding="UTF-8"?>
<testsuite name="com.example.demo.MandatoryDemoApplicationTests" tests="1" skipped="0" failures="0" errors="0" timestamp="2025-05-20T16:14:31.487Z" hostname="karol-ubuntu" time="0.428">
  <properties/>
  <testcase name="contextLoads()" classname="com.example.demo.MandatoryDemoApplicationTests" time="0.428"/>
  <system-out><![CDATA[18:14:26.529 [Test worker] INFO org.springframework.test.context.support.AnnotationConfigContextLoaderUtils -- Could not detect default configuration classes for test class [com.example.demo.MandatoryDemoApplicationTests]: MandatoryDemoApplicationTests does not declare any static, non-private, non-final, nested classes annotated with @Configuration.
18:14:26.626 [Test worker] INFO org.springframework.boot.test.context.SpringBootTestContextBootstrapper -- Found @SpringBootConfiguration com.example.demo.MandatoryDemoApplication for test class com.example.demo.MandatoryDemoApplicationTests

  .   ____          _            __ _ _
 /\\ / ___'_ __ _ _(_)_ __  __ _ \ \ \ \
( ( )\___ | '_ | '_| | '_ \/ _` | \ \ \ \
 \\/  ___)| |_)| | | | | || (_| |  ) ) ) )
  '  |____| .__|_| |_|_| |_\__, | / / / /
 =========|_|==============|___/=/_/_/_/

 :: Spring Boot ::                (v3.4.5)

2025-05-20T18:14:26.979+02:00  INFO 294299 --- [    Test worker] c.e.demo.MandatoryDemoApplicationTests   : Starting MandatoryDemoApplicationTests using Java 21.0.7 with PID 294299 (started by karol-bargiel in /home/karol-bargiel/Pulpit/mandatory-task-demo)
2025-05-20T18:14:26.980+02:00  INFO 294299 --- [    Test worker] c.e.demo.MandatoryDemoApplicationTests   : No active profile set, falling back to 1 default profile: "default"
2025-05-20T18:14:27.699+02:00  INFO 294299 --- [    Test worker] .s.d.r.c.RepositoryConfigurationDelegate : Bootstrapping Spring Data JPA repositories in DEFAULT mode.
2025-05-20T18:14:27.783+02:00  INFO 294299 --- [    Test worker] .s.d.r.c.RepositoryConfigurationDelegate : Finished Spring Data repository scanning in 76 ms. Found 4 JPA repository interfaces.
2025-05-20T18:14:28.453+02:00  INFO 294299 --- [    Test worker] com.zaxxer.hikari.HikariDataSource       : HikariPool-1 - Starting...
2025-05-20T18:14:28.665+02:00  INFO 294299 --- [    Test worker] com.zaxxer.hikari.pool.HikariPool        : HikariPool-1 - Added connection conn0: url=jdbc:h2:mem:testdb user=SA
2025-05-20T18:14:28.667+02:00  INFO 294299 --- [    Test worker] com.zaxxer.hikari.HikariDataSource       : HikariPool-1 - Start completed.
2025-05-20T18:14:28.804+02:00  INFO 294299 --- [    Test worker] o.hibernate.jpa.internal.util.LogHelper  : HHH000204: Processing PersistenceUnitInfo [name: default]
2025-05-20T18:14:28.838+02:00  INFO 294299 --- [    Test worker] org.hibernate.Version                    : HHH000412: Hibernate ORM core version 6.6.13.Final
2025-05-20T18:14:28.866+02:00  INFO 294299 --- [    Test worker] o.h.c.internal.RegionFactoryInitiator    : HHH000026: Second-level cache disabled
2025-05-20T18:14:29.072+02:00  INFO 294299 --- [    Test worker] o.s.o.j.p.SpringPersistenceUnitInfo      : No LoadTimeWeaver setup: ignoring JPA class transformer
2025-05-20T18:14:29.106+02:00  WARN 294299 --- [    Test worker] org.hibernate.orm.deprecation            : HHH90000025: H2Dialect does not need to be specified explicitly using 'hibernate.dialect' (remove the property setting and it will be selected by default)
2025-05-20T18:14:29.118+02:00  INFO 294299 --- [    Test worker] org.hibernate.orm.connections.pooling    : HHH10001005: Database info:
	Database JDBC URL [Connecting through datasource 'HikariDataSource (HikariPool-1)']
	Database driver: undefined/unknown
	Database version: 2.3.232
	Autocommit mode: undefined/unknown
	Isolation level: undefined/unknown
	Minimum pool size: undefined/unknown
	Maximum pool size: undefined/unknown
2025-05-20T18:14:29.747+02:00  INFO 294299 --- [    Test worker] o.h.e.t.j.p.i.JtaPlatformInitiator       : HHH000489: No JTA platform available (set 'hibernate.transaction.jta.platform' to enable JTA platform integration)
Hibernate: drop table if exists campaign cascade 
Hibernate: drop table if exists campaign_keyword cascade 
Hibernate: drop table if exists city cascade 
Hibernate: drop table if exists keyword cascade 
Hibernate: drop table if exists seller cascade 
Hibernate: create table campaign (fund float(53) not null, price float(53) not null, status boolean not null, city_id bigint not null, id bigint generated by default as identity, seller_id bigint not null, name varchar(255) not null unique, primary key (id))
Hibernate: create table campaign_keyword (campaign_id bigint not null, keyword_id bigint not null, primary key (campaign_id, keyword_id))
Hibernate: create table city (latitude float(53) not null, longitude float(53) not null, id bigint generated by default as identity, name varchar(255) not null unique, primary key (id))
Hibernate: create table keyword (id bigint generated by default as identity, name varchar(255) not null unique, primary key (id))
Hibernate: create table seller (balance float(53), id bigint generated by default as identity, email varchar(255) unique, password varchar(255) not null, role varchar(255) not null, username varchar(255) unique, primary key (id))
Hibernate: alter table if exists campaign add constraint FKmd77wro8uqjwi4sk9b7cx34a5 foreign key (city_id) references city
Hibernate: alter table if exists campaign add constraint FK33m3w7ci2a4v6dif0uslsrlht foreign key (seller_id) references seller
Hibernate: alter table if exists campaign_keyword add constraint FKv6e1vq6phlw8qmgjudprppf5 foreign key (keyword_id) references keyword
Hibernate: alter table if exists campaign_keyword add constraint FKrriuvmia825pgk9fuqcuaajyw foreign key (campaign_id) references campaign
2025-05-20T18:14:29.778+02:00  INFO 294299 --- [    Test worker] j.LocalContainerEntityManagerFactoryBean : Initialized JPA EntityManagerFactory for persistence unit 'default'
2025-05-20T18:14:30.088+02:00  INFO 294299 --- [    Test worker] o.s.d.j.r.query.QueryEnhancerFactory     : Hibernate is in classpath; If applicable, HQL parser will be used.
2025-05-20T18:14:30.227+02:00  INFO 294299 --- [    Test worker] eAuthenticationProviderManagerConfigurer : Global AuthenticationManager configured with AuthenticationProvider bean with name authenticationProvider
2025-05-20T18:14:30.228+02:00  WARN 294299 --- [    Test worker] r$InitializeUserDetailsManagerConfigurer : Global AuthenticationManager configured with an AuthenticationProvider bean. UserDetailsService beans will not be used by Spring Security for automatically configuring username/password login. Consider removing the AuthenticationProvider bean. Alternatively, consider using the UserDetailsService in a manually instantiated DaoAuthenticationProvider. If the current configuration is intentional, to turn off this warning, increase the logging level of 'org.springframework.security.config.annotation.authentication.configuration.InitializeUserDetailsBeanManagerConfigurer' to ERROR
2025-05-20T18:14:30.285+02:00  INFO 294299 --- [    Test worker] o.s.b.a.w.s.WelcomePageHandlerMapping    : Adding welcome page: class path resource [static/index.html]
2025-05-20T18:14:30.942+02:00  INFO 294299 --- [    Test worker] c.e.demo.MandatoryDemoApplicationTests   : Started MandatoryDemoApplicationTests in 4.201 seconds (process running for 5.026)
Hibernate: select s1_0.id,s1_0.balance,c1_0.seller_id,c1_0.id,c1_0.city_id,c1_0.fund,c1_0.name,c1_0.price,c1_0.status,s1_0.email,s1_0.password,s1_0.role,s1_0.username from seller s1_0 left join campaign c1_0 on s1_0.id=c1_0.seller_id where s1_0.username=?
Hibernate: insert into seller (balance,email,password,role,username,id) values (?,?,?,?,?,default)
Hibernate: select count(*) from city c1_0
Hibernate: insert into city (latitude,longitude,name,id) values (?,?,?,default)
Hibernate: insert into city (latitude,longitude,name,id) values (?,?,?,default)
Hibernate: insert into city (latitude,longitude,name,id) values (?,?,?,default)
Hibernate: insert into city (latitude,longitude,name,id) values (?,?,?,default)
Hibernate: insert into city (latitude,longitude,name,id) values (?,?,?,default)
Hibernate: insert into city (latitude,longitude,name,id) values (?,?,?,default)
Hibernate: insert into city (latitude,longitude,name,id) values (?,?,?,default)
Hibernate: insert into city (latitude,longitude,name,id) values (?,?,?,default)
Hibernate: insert into city (latitude,longitude,name,id) values (?,?,?,default)
Hibernate: insert into city (latitude,longitude,name,id) values (?,?,?,default)
Hibernate: insert into city (latitude,longitude,name,id) values (?,?,?,default)
Hibernate: insert into city (latitude,longitude,name,id) values (?,?,?,default)
Hibernate: insert into city (latitude,longitude,name,id) values (?,?,?,default)
Hibernate: insert into city (latitude,longitude,name,id) values (?,?,?,default)
Hibernate: insert into city (latitude,longitude,name,id) values (?,?,?,default)
Hibernate: insert into city (latitude,longitude,name,id) values (?,?,?,default)
Hibernate: insert into city (latitude,longitude,name,id) values (?,?,?,default)
Hibernate: insert into city (latitude,longitude,name,id) values (?,?,?,default)
Hibernate: insert into city (latitude,longitude,name,id) values (?,?,?,default)
Hibernate: insert into city (latitude,longitude,name,id) values (?,?,?,default)
Hibernate: select count(*) from keyword k1_0
Hibernate: insert into keyword (name,id) values (?,default)
Hibernate: insert into keyword (name,id) values (?,default)
Hibernate: insert into keyword (name,id) values (?,default)
Hibernate: insert into keyword (name,id) values (?,default)
Hibernate: insert into keyword (name,id) values (?,default)
Hibernate: insert into keyword (name,id) values (?,default)
Hibernate: insert into keyword (name,id) values (?,default)
Hibernate: insert into keyword (name,id) values (?,default)
Hibernate: insert into keyword (name,id) values (?,default)
Hibernate: insert into keyword (name,id) values (?,default)
Hibernate: insert into keyword (name,id) values (?,default)
Hibernate: insert into keyword (name,id) values (?,default)
Hibernate: insert into keyword (name,id) values (?,default)
Hibernate: insert into keyword (name,id) values (?,default)
Hibernate: insert into keyword (name,id) values (?,default)
Hibernate: insert into keyword (name,id) values (?,default)
Hibernate: insert into keyword (name,id) values (?,default)
Hibernate: insert into keyword (name,id) values (?,default)
Hibernate: insert into keyword (name,id) values (?,default)
]]></system-out>
  <system-err><![CDATA[Mockito is currently self-attaching to enable the inline-mock-maker. This will no longer work in future releases of the JDK. Please add Mockito as an agent to your build what is described in Mockito's documentation: https://javadoc.io/doc/org.mockito/mockito-core/latest/org/mockito/Mockito.html#0.3
WARNING: A Java agent has been loaded dynamically (/home/karol-bargiel/.gradle/caches/modules-2/files-2.1/net.bytebuddy/byte-buddy-agent/1.15.11/a38b16385e867f59a641330f0362ebe742788ed8/byte-buddy-agent-1.15.11.jar)
WARNING: If a serviceability tool is in use, please run with -XX:+EnableDynamicAgentLoading to hide this warning
WARNING: If a serviceability tool is not in use, please run with -Djdk.instrument.traceUsage for more information
WARNING: Dynamic loading of agents will be disallowed by default in a future release
]]></system-err>
</testsuite>
